2025-09-03 15:52:39,425 - api_fetcher - INFO - API ma'lumot olish jarayoni boshlandi: 2025-09-03 15:52:39.425459
2025-09-03 15:52:39,620 - api_fetcher - INFO - API dan muvaffaqiyatli ma'lumot olindi. Ma'lumot hajmi: 1353 bytes
2025-09-03 15:52:39,620 - api_fetcher - INFO - Ma'lumot kalitlari: ['success', 'error', 'data', 'code']
2025-09-03 15:52:39,621 - api_fetcher - INFO - Ma'lumot faylga saqlandi: /home/bobomurod/Django/Hemis_backend/logs/api_data_20250903_155239.json
2025-09-03 15:52:39,621 - api_fetcher - INFO - API ma'lumot olish jarayoni tugadi: 2025-09-03 15:52:39.621571
2025-09-03 16:02:15,101 - api_fetcher - INFO - API ma'lumot olish jarayoni boshlandi: 2025-09-03 16:02:15.101013
2025-09-03 16:02:15,211 - api_fetcher - INFO - API dan muvaffaqiyatli ma'lumot olindi. Ma'lumot hajmi: 1353 bytes
2025-09-03 16:02:15,212 - api_fetcher - INFO - Ma'lumot kalitlari: ['success', 'error', 'data', 'code']
2025-09-03 16:02:15,212 - api_fetcher - INFO - Ma'lumot faylga saqlandi: /home/bobomurod/Django/Hemis_backend/logs/api_data_20250903_160215.json
2025-09-03 16:02:15,212 - api_fetcher - INFO - API ma'lumot olish jarayoni tugadi: 2025-09-03 16:02:15.212608
2025-09-03 16:05:49,519 - api_fetcher - INFO - API ma'lumot olish jarayoni boshlandi: 2025-09-03 16:05:49.519231
2025-09-03 16:05:49,625 - api_fetcher - INFO - API dan muvaffaqiyatli ma'lumot olindi. Ma'lumot hajmi: 1353 bytes
2025-09-03 16:05:49,625 - api_fetcher - INFO - Ma'lumot kalitlari: ['success', 'error', 'data', 'code']
2025-09-03 16:05:49,626 - api_fetcher - INFO - Ma'lumot faylga saqlandi: /home/bobomurod/Django/Hemis_backend/logs/api_data_20250903_160549.json
2025-09-03 16:05:49,626 - api_fetcher - INFO - API ma'lumot olish jarayoni tugadi: 2025-09-03 16:05:49.626298
2025-09-03 16:06:00,066 - api_fetcher - INFO - API ma'lumot olish jarayoni boshlandi: 2025-09-03 16:06:00.066750
2025-09-03 16:06:00,167 - api_fetcher - INFO - API dan muvaffaqiyatli ma'lumot olindi. Ma'lumot hajmi: 1353 bytes
2025-09-03 16:06:00,168 - api_fetcher - INFO - Ma'lumot kalitlari: ['success', 'error', 'data', 'code']
2025-09-03 16:06:00,168 - api_fetcher - INFO - Ma'lumot faylga saqlandi: /home/bobomurod/Django/Hemis_backend/logs/api_data_20250903_160600.json
2025-09-03 16:06:00,168 - api_fetcher - INFO - API ma'lumot olish jarayoni tugadi: 2025-09-03 16:06:00.168873
